# JRE version: Java(TM) SE Runtime Environment 18.9 (11.0.12+8) (build 11.0.12+8-LTS-237)
# Java VM: Java HotSpot(TM) 64-Bit Server VM 18.9 (11.0.12+8-LTS-237, mixed mode, tiered, compressed oops, g1 gc, bsd-amd64)
Heap:
 garbage-first heap   total 131072K, used 33804K [0x0000000780000000, 0x0000000800000000)
  region size 1024K, 31 young (31744K), 3 survivors (3072K)
 Metaspace       used 27548K, capacity 28171K, committed 28412K, reserved 1075200K
  class space    used 3069K, capacity 3298K, committed 3324K, reserved 1048576K
GC Heap History (6 events):
Event: 1.909 GC heap before
{Heap before GC invocations=0 (full 0):
 garbage-first heap   total 131072K, used 13312K [0x0000000780000000, 0x0000000800000000)
  region size 1024K, 14 young (14336K), 0 survivors (0K)
 Metaspace       used 13680K, capacity 13920K, committed 14080K, reserved 1062912K
  class space    used 1359K, capacity 1467K, committed 1536K, reserved 1048576K
}
Event: 1.916 GC heap after
{Heap after GC invocations=1 (full 0):
 garbage-first heap   total 131072K, used 3728K [0x0000000780000000, 0x0000000800000000)
  region size 1024K, 2 young (2048K), 2 survivors (2048K)
 Metaspace       used 13680K, capacity 13920K, committed 14080K, reserved 1062912K
  class space    used 1359K, capacity 1467K, committed 1536K, reserved 1048576K
}
Event: 2.356 GC heap before
{Heap before GC invocations=1 (full 0):
 garbage-first heap   total 131072K, used 12944K [0x0000000780000000, 0x0000000800000000)
  region size 1024K, 11 young (11264K), 2 survivors (2048K)
 Metaspace       used 17229K, capacity 17595K, committed 17792K, reserved 1064960K
  class space    used 1776K, capacity 1878K, committed 1920K, reserved 1048576K
}
Event: 2.364 GC heap after
{Heap after GC invocations=2 (full 0):
 garbage-first heap   total 131072K, used 5019K [0x0000000780000000, 0x0000000800000000)
  region size 1024K, 2 young (2048K), 2 survivors (2048K)
 Metaspace       used 17229K, capacity 17595K, committed 17792K, reserved 1064960K
  class space    used 1776K, capacity 1878K, committed 1920K, reserved 1048576K
}
Event: 3.134 GC heap before
{Heap before GC invocations=2 (full 0):
 garbage-first heap   total 131072K, used 16283K [0x0000000780000000, 0x0000000800000000)
  region size 1024K, 14 young (14336K), 2 survivors (2048K)
 Metaspace       used 20762K, capacity 21048K, committed 21248K, reserved 1069056K
  class space    used 2153K, capacity 2241K, committed 2304K, reserved 1048576K
}
Event: 3.138 GC heap after
{Heap after GC invocations=3 (full 0):
 garbage-first heap   total 131072K, used 6156K [0x0000000780000000, 0x0000000800000000)
  region size 1024K, 3 young (3072K), 3 survivors (3072K)
 Metaspace       used 20762K, capacity 21048K, committed 21248K, reserved 1069056K
  class space    used 2153K, capacity 2241K, committed 2304K, reserved 1048576K
}

