<?xml version="1.0" encoding="UTF-8"?>
<testng-results ignored="0" total="1" passed="1" failed="0" skipped="0">
  <reporter-output>
  </reporter-output>
  <suite started-at="2021-12-19T09:44:14Z" name="Default suite" finished-at="2021-12-19T09:44:31Z" duration-ms="16663">
    <groups>
    </groups>
    <test started-at="2021-12-19T09:44:14Z" name="Default test" finished-at="2021-12-19T09:44:31Z" duration-ms="16663">
      <class name="OrangeHRMTests">
        <test-method is-config="true" signature="beforeClass()[pri:0, instance:OrangeHRMTests@78aa1f72]" started-at="2021-12-19T09:44:14Z" name="beforeClass" finished-at="2021-12-19T09:44:24Z" duration-ms="9598" status="PASS">
          <reporter-output>
          </reporter-output>
        </test-method> <!-- beforeClass -->
        <test-method signature="Test1()[pri:0, instance:OrangeHRMTests@78aa1f72]" started-at="2021-12-19T09:44:24Z" name="Test1" finished-at="2021-12-19T09:44:29Z" duration-ms="4891" status="PASS">
          <reporter-output>
          </reporter-output>
        </test-method> <!-- Test1 -->
        <test-method is-config="true" signature="afterClass()[pri:0, instance:OrangeHRMTests@78aa1f72]" started-at="2021-12-19T09:44:29Z" name="afterClass" finished-at="2021-12-19T09:44:31Z" duration-ms="2137" status="PASS">
          <reporter-output>
          </reporter-output>
        </test-method> <!-- afterClass -->
      </class> <!-- OrangeHRMTests -->
    </test> <!-- Default test -->
  </suite> <!-- Default suite -->
</testng-results>
